<?xml version="1.0" encoding="UTF-8"?>
<testng-results ignored="0" total="1" passed="1" failed="0" skipped="0">
  <reporter-output>
  </reporter-output>
  <suite started-at="2022-08-22T16:41:47 IST" name="Default suite" finished-at="2022-08-22T16:42:04 IST" duration-ms="17110">
    <groups>
    </groups>
    <test started-at="2022-08-22T16:41:47 IST" name="Default test" finished-at="2022-08-22T16:42:04 IST" duration-ms="17110">
      <class name="com.Automation.Test.LoginTest">
        <test-method is-config="true" signature="Precondition()[pri:0, instance:com.Automation.Test.LoginTest@3514a4c0]" started-at="2022-08-22T16:41:47 IST" name="Precondition" finished-at="2022-08-22T16:41:49 IST" duration-ms="2581" status="PASS">
          <reporter-output>
          </reporter-output>
        </test-method> <!-- Precondition -->
        <test-method signature="VerifysuccessfulLogin()[pri:0, instance:com.Automation.Test.LoginTest@3514a4c0]" started-at="2022-08-22T16:41:49 IST" name="VerifysuccessfulLogin" finished-at="2022-08-22T16:42:04 IST" duration-ms="14461" status="PASS">
          <reporter-output>
          </reporter-output>
        </test-method> <!-- VerifysuccessfulLogin -->
      </class> <!-- com.Automation.Test.LoginTest -->
    </test> <!-- Default test -->
  </suite> <!-- Default suite -->
</testng-results>
